Base path: E:/Program Files (x86)/Unity/Editor/Data
Pipe name: \\.\pipe\UnityShaderCompiler-1-14340
Cmd: getPlatforms
Cmd: preprocess
  insize=683 outsize=683 ok=1
Cmd: preprocess
  insize=838 outsize=838 ok=1
Cmd: preprocess
  insize=2619 outsize=526 ok=1
Cmd: compileSnippet
  error: 2 plat 4 at Navmesh.cginc(66): undeclared identifier 'unity_ColorSpaceLuminance'
  api=4 type=0 insize=1368 outsize=0 kw= ok=0
Cmd: preprocess
  insize=2110 outsize=798 ok=1
Cmd: compileSnippet
  error: 2 plat 4 at Navmesh.cginc(66): undeclared identifier 'unity_ColorSpaceLuminance'
  api=4 type=0 insize=986 outsize=0 kw= ok=0
Cmd: preprocess
  insize=683 outsize=683 ok=1
Cmd: preprocess
  insize=838 outsize=838 ok=1
Cmd: preprocess
  insize=1416 outsize=453 ok=1
Cmd: compileSnippet
  api=4 type=0 insize=1265 outsize=2574 kw= ok=1
Cmd: compileSnippet
  api=4 type=1 insize=1265 outsize=754 kw= ok=1
Cmd: preprocess
  insize=2146 outsize=792 ok=1
Cmd: compileSnippet
  api=4 type=0 insize=964 outsize=1493 kw= ok=1
Cmd: compileSnippet
  api=4 type=1 insize=964 outsize=754 kw= ok=1
Cmd: compileSnippet
  api=4 type=0 insize=996 outsize=1469 kw= ok=1
Cmd: compileSnippet
  api=4 type=1 insize=996 outsize=852 kw= ok=1
Cmd: preprocess
  insize=763 outsize=763 ok=1
